0 info it worked if it ends with ok
1 verbose cli [ '/usr/bin/node', '/usr/bin/npm', 'run', 'lint' ]
2 info using npm@3.5.2
3 info using node@v8.10.0
4 verbose run-script [ 'prelint', 'lint', 'postlint' ]
5 info lifecycle test-practice@1.0.0~prelint: test-practice@1.0.0
6 silly lifecycle test-practice@1.0.0~prelint: no script for prelint, continuing
7 info lifecycle test-practice@1.0.0~lint: test-practice@1.0.0
8 verbose lifecycle test-practice@1.0.0~lint: unsafe-perm in lifecycle true
9 verbose lifecycle test-practice@1.0.0~lint: PATH: /usr/share/npm/bin/node-gyp-bin:/mnt/c/Users/mackoy/codefellows/401n13/labs/lab-07-middleware/node_modules/.bin:/usr/local/sbin:/usr/local/bin:/usr/sbin:/usr/bin:/sbin:/bin:/usr/games:/usr/local/games:/mnt/c/Program Files/WindowsApps/CanonicalGroupLimited.UbuntuonWindows_1804.2019.521.0_x64__79rhkp1fndgsc:/mnt/c/Python27:/mnt/c/Python27/Scripts:/mnt/c/Windows/System32:/mnt/c/Windows:/mnt/c/Windows/System32/wbem:/mnt/c/Windows/System32/WindowsPowerShell/v1.0:/mnt/c/Program Files (x86)/NVIDIA Corporation/PhysX/Common:/mnt/c/Windows/System32:/mnt/c/Windows:/mnt/c/Windows/System32/wbem:/mnt/c/Windows/System32/WindowsPowerShell/v1.0:/mnt/c/Windows/System32/OpenSSH:/mnt/c/Program Files/Git/cmd:/mnt/c/Program Files/nodejs:/mnt/c/ProgramData/chocolatey/bin:/mnt/c/Users/mackoy/AppData/Local/Programs/Python/Python37-32/Scripts:/mnt/c/Users/mackoy/AppData/Local/Programs/Python/Python37-32:/mnt/c/Users/mackoy/AppData/Local/Microsoft/WindowsApps:/mnt/c/Users/mackoy/Desktop/Microsoft VS Code/bin:/mnt/c/Users/mackoy/AppData/Roaming/npm:/mnt/c/Users/mackoy/AppData/Local/GitHubDesktop/bin:/snap/bin
10 verbose lifecycle test-practice@1.0.0~lint: CWD: /mnt/c/Users/mackoy/codefellows/401n13/labs/lab-07-middleware
11 silly lifecycle test-practice@1.0.0~lint: Args: [ '-c', 'eslint **/*.js' ]
12 silly lifecycle test-practice@1.0.0~lint: Returned: code: 2  signal: null
13 info lifecycle test-practice@1.0.0~lint: Failed to exec lint script
14 verbose stack Error: test-practice@1.0.0 lint: `eslint **/*.js`
14 verbose stack Exit status 2
14 verbose stack     at EventEmitter.<anonymous> (/usr/share/npm/lib/utils/lifecycle.js:232:16)
14 verbose stack     at emitTwo (events.js:126:13)
14 verbose stack     at EventEmitter.emit (events.js:214:7)
14 verbose stack     at ChildProcess.<anonymous> (/usr/share/npm/lib/utils/spawn.js:24:14)
14 verbose stack     at emitTwo (events.js:126:13)
14 verbose stack     at ChildProcess.emit (events.js:214:7)
14 verbose stack     at maybeClose (internal/child_process.js:925:16)
14 verbose stack     at Process.ChildProcess._handle.onexit (internal/child_process.js:209:5)
15 verbose pkgid test-practice@1.0.0
16 verbose cwd /mnt/c/Users/mackoy/codefellows/401n13/labs/lab-07-middleware
17 error Linux 4.4.0-17763-Microsoft
18 error argv "/usr/bin/node" "/usr/bin/npm" "run" "lint"
19 error node v8.10.0
20 error npm  v3.5.2
21 error code ELIFECYCLE
22 error test-practice@1.0.0 lint: `eslint **/*.js`
22 error Exit status 2
23 error Failed at the test-practice@1.0.0 lint script 'eslint **/*.js'.
23 error Make sure you have the latest version of node.js and npm installed.
23 error If you do, this is most likely a problem with the test-practice package,
23 error not with npm itself.
23 error Tell the author that this fails on your system:
23 error     eslint **/*.js
23 error You can get information on how to open an issue for this project with:
23 error     npm bugs test-practice
23 error Or if that isn't available, you can get their info via:
23 error     npm owner ls test-practice
23 error There is likely additional logging output above.
24 verbose exit [ 1, true ]
